<?xml version="1.0" encoding="UTF-8" ?>
<testsuite tests="10" failures="0" name="org.reddys.automatick.domain.ParkingLotTest" time="0.004" errors="0" skipped="0">
  <properties>
[...]
</properties>
  <testcase classname="org.reddys.automatick.domain.ParkingLotTest" name="parkTheRightWay" time="0.001"/>
  <testcase classname="org.reddys.automatick.domain.ParkingLotTest" name="registrationNumberVsSlotNumberQueryNoResult" time="0"/>
  <testcase classname="org.reddys.automatick.domain.ParkingLotTest" name="parkWhenLimitNotSet" time="0.001"/>
  <testcase classname="org.reddys.automatick.domain.ParkingLotTest" name="registrationNumberVsSlotNumberQuery" time="0"/>
  <testcase classname="org.reddys.automatick.domain.ParkingLotTest" name="leaveHappyPath" time="0"/>
  <testcase classname="org.reddys.automatick.domain.ParkingLotTest" name="colorQuery" time="0.001"/>
  <testcase classname="org.reddys.automatick.domain.ParkingLotTest" name="setLimitReduceInValid" time="0"/>
  <testcase classname="org.reddys.automatick.domain.ParkingLotTest" name="setLimit" time="0.001"/>
  <testcase classname="org.reddys.automatick.domain.ParkingLotTest" name="setLimitReduceValid" time="0"/>
  <testcase classname="org.reddys.automatick.domain.ParkingLotTest" name="colorQueryNoResult" time="0"/>
</testsuite>